#
# There is insufficient memory for the Java Runtime Environment to continue.
# Native memory allocation (mmap) failed to map 536870912 bytes for G1 virtual space
# Possible reasons:
#   The system is out of physical RAM or swap space
#   The process is running with CompressedOops enabled, and the Java Heap may be blocking the growth of the native heap
# Possible solutions:
#   Reduce memory load on the system
#   Increase physical memory or swap space
#   Check if swap backing store is full
#   Decrease Java heap size (-Xmx/-Xms)
#   Decrease number of Java threads
#   Decrease Java thread stack sizes (-Xss)
#   Set larger code cache with -XX:ReservedCodeCacheSize=
#   JVM is running with Zero Based Compressed Oops mode in which the Java heap is
#     placed in the first 32GB address space. The Java Heap base address is the
#     maximum limit for the native heap growth. Please use -XX:HeapBaseMinAddress
#     to set the Java Heap base and to place the Java Heap above 32GB virtual address.
# This output file may be truncated or incomplete.
#
#  Out of Memory Error (os_windows.cpp:3769), pid=34396, tid=9140
#
# JRE version:  (17.0.6+10) (build )
# Java VM: OpenJDK 64-Bit Server VM (17.0.6+10-b829.5, mixed mode, sharing, tiered, compressed oops, compressed class ptrs, g1 gc, windows-amd64)
# No core dump will be written. Minidumps are not enabled by default on client versions of Windows
#

---------------  S U M M A R Y ------------

Command Line: externalApp.nativessh.NativeSshAskPassApp Enter passphrase for key '/c/Users/vipvi/.ssh/id_ed25519': 

Host: AMD Ryzen 5 3600 6-Core Processor              , 12 cores, 31G,  Windows 11 , 64 bit Build 22000 (10.0.22000.1516)
Time: Tue Apr 25 23:31:19 2023 RTZ 2 (s 11 , 64 bit Build 22000 (10.0.22000.1516) elapsed time: 0.012827 seconds (0d 0h 0m 0s)

---------------  T H R E A D  ---------------

Current thread (0x0000017fcf552580):  JavaThread "Unknown thread" [_thread_in_vm, id=9140, stack(0x00000078c2b00000,0x00000078c2c00000)]

Stack: [0x00000078c2b00000,0x00000078c2c00000]
Native frames: (J=compiled Java code, j=interpreted, Vv=VM code, C=native code)
V  [jvm.dll+0x683b4a]
V  [jvm.dll+0x842654]
V  [jvm.dll+0x843dfe]
V  [jvm.dll+0x844463]
V  [jvm.dll+0x249b75]
V  [jvm.dll+0x680a19]
V  [jvm.dll+0x674f0a]
V  [jvm.dll+0x309acb]
V  [jvm.dll+0x310f86]
V  [jvm.dll+0x3608ee]
V  [jvm.dll+0x360b1f]
V  [jvm.dll+0x2dfbf8]
V  [jvm.dll+0x2e0b64]
V  [jvm.dll+0x813f41]
V  [jvm.dll+0x36e6a1]
V  [jvm.dll+0x7f347c]
V  [jvm.dll+0x3f0e8f]
V  [jvm.dll+0x3f29d1]
C  [jli.dll+0x526b]
C  [ucrtbase.dll+0x26c0c]
C  [KERNEL32.DLL+0x155a0]
C  [ntdll.dll+0x485b]


---------------  P R O C E S S  ---------------

Threads class SMR info:
_java_thread_list=0x00007ffb690ec058, length=0, elements={
}

Java Threads: ( => current thread )

Other Threads:
  0x0000017fcf5ff460 GCTaskThread "GC Thread#0" [stack: 0x00000078c2c00000,0x00000078c2d00000] [id=20552]
  0x0000017fcf610390 ConcurrentGCThread "G1 Main Marker" [stack: 0x00000078c2d00000,0x00000078c2e00000] [id=5988]
  0x0000017fcf611450 ConcurrentGCThread "G1 Conc#0" [stack: 0x00000078c2e00000,0x00000078c2f00000] [id=21940]

[error occurred during error reporting (printing all threads), id 0xc0000005, EXCEPTION_ACCESS_VIOLATION (0xc0000005) at pc=0x00007ffb688a0797]

VM state: not at safepoint (not fully initialized)

VM Mutex/Monitor currently owned by a thread:  ([mutex/lock_event])
[0x0000017fcf54ec80] Heap_lock - owner thread: 0x0000017fcf552580

Heap address: 0x0000000601000000, size: 8176 MB, Compressed Oops mode: Zero based, Oop shift amount: 3

CDS archive(s) mapped at: [0x0000000000000000-0x0000000000000000-0x0000000000000000), size 0, SharedBaseAddress: 0x0000000800000000, ArchiveRelocationMode: 0.
Narrow klass base: 0x0000000000000000, Narrow klass shift: 0, Narrow klass range: 0x0

GC Precious Log:
<Empty>

Heap:
 garbage-first heap   total 0K, used 0K [0x0000000601000000, 0x0000000800000000)
  region size 4096K, 0 young (0K), 0 survivors (0K)

[error occurred during error reporting (printing heap information), id 0xc0000005, EXCEPTION_ACCESS_VIOLATION (0xc0000005) at pc=0x00007ffb68c8d939]

GC Heap History (0 events):
No events

Dll operation events (1 events):
Event: 0.008 Loaded shared library C:\Users\vipvi\AppData\Local\JetBrains\Toolbox\apps\WebStorm\ch-0\231.8109.174\jbr\bin\java.dll

Deoptimization events (0 events):
No events

Classes unloaded (0 events):
No events

Classes redefined (0 events):
No events

Internal exceptions (0 events):
No events

VM Operations (0 events):
No events

Events (0 events):
No events


Dynamic libraries:
0x00007ff7ffc30000 - 0x00007ff7ffc3a000 	C:\Users\vipvi\AppData\Local\JetBrains\Toolbox\apps\WebStorm\ch-0\231.8109.174\jbr\bin\java.exe
0x00007ffba3500000 - 0x00007ffba3709000 	C:\WINDOWS\SYSTEM32\ntdll.dll
0x00007ffba1960000 - 0x00007ffba1a1e000 	C:\WINDOWS\System32\KERNEL32.DLL
0x00007ffba0f30000 - 0x00007ffba12ac000 	C:\WINDOWS\System32\KERNELBASE.dll
0x00007ffba0b10000 - 0x00007ffba0c21000 	C:\WINDOWS\System32\ucrtbase.dll
0x00007ffb81540000 - 0x00007ffb8155b000 	C:\Users\vipvi\AppData\Local\JetBrains\Toolbox\apps\WebStorm\ch-0\231.8109.174\jbr\bin\VCRUNTIME140.dll
0x00007ffb9a640000 - 0x00007ffb9a657000 	C:\Users\vipvi\AppData\Local\JetBrains\Toolbox\apps\WebStorm\ch-0\231.8109.174\jbr\bin\jli.dll
0x00007ffba3130000 - 0x00007ffba32dd000 	C:\WINDOWS\System32\USER32.dll
0x00007ffba1320000 - 0x00007ffba1346000 	C:\WINDOWS\System32\win32u.dll
0x00007ffb93bd0000 - 0x00007ffb93e75000 	C:\WINDOWS\WinSxS\amd64_microsoft.windows.common-controls_6595b64144ccf1df_6.0.22000.120_none_9d947278b86cc467\COMCTL32.dll
0x00007ffba1360000 - 0x00007ffba1389000 	C:\WINDOWS\System32\GDI32.dll
0x00007ffba3080000 - 0x00007ffba3123000 	C:\WINDOWS\System32\msvcrt.dll
0x00007ffba0cf0000 - 0x00007ffba0e08000 	C:\WINDOWS\System32\gdi32full.dll
0x00007ffba0e10000 - 0x00007ffba0ead000 	C:\WINDOWS\System32\msvcp_win.dll
0x00007ffba16d0000 - 0x00007ffba1701000 	C:\WINDOWS\System32\IMM32.DLL
0x00007ffb94630000 - 0x00007ffb9463c000 	C:\Users\vipvi\AppData\Local\JetBrains\Toolbox\apps\WebStorm\ch-0\231.8109.174\jbr\bin\vcruntime140_1.dll
0x00007ffb6f270000 - 0x00007ffb6f2fd000 	C:\Users\vipvi\AppData\Local\JetBrains\Toolbox\apps\WebStorm\ch-0\231.8109.174\jbr\bin\msvcp140.dll
0x00007ffb685b0000 - 0x00007ffb6921d000 	C:\Users\vipvi\AppData\Local\JetBrains\Toolbox\apps\WebStorm\ch-0\231.8109.174\jbr\bin\server\jvm.dll
0x00007ffba1500000 - 0x00007ffba15ae000 	C:\WINDOWS\System32\ADVAPI32.dll
0x00007ffba27a0000 - 0x00007ffba283e000 	C:\WINDOWS\System32\sechost.dll
0x00007ffba32f0000 - 0x00007ffba3410000 	C:\WINDOWS\System32\RPCRT4.dll
0x00007ffb9f500000 - 0x00007ffb9f533000 	C:\WINDOWS\SYSTEM32\WINMM.dll
0x00007ffb98c60000 - 0x00007ffb98c6a000 	C:\WINDOWS\SYSTEM32\VERSION.dll
0x00007ffb9cc60000 - 0x00007ffb9cc69000 	C:\WINDOWS\SYSTEM32\WSOCK32.dll
0x00007ffba1390000 - 0x00007ffba13ff000 	C:\WINDOWS\System32\WS2_32.dll
0x00007ffb9fab0000 - 0x00007ffb9fac8000 	C:\WINDOWS\SYSTEM32\kernel.appcore.dll
0x00007ffb9d5d0000 - 0x00007ffb9d5da000 	C:\Users\vipvi\AppData\Local\JetBrains\Toolbox\apps\WebStorm\ch-0\231.8109.174\jbr\bin\jimage.dll
0x00007ffb94a00000 - 0x00007ffb94c21000 	C:\WINDOWS\SYSTEM32\DBGHELP.DLL
0x00007ffb70850000 - 0x00007ffb70881000 	C:\WINDOWS\SYSTEM32\dbgcore.DLL
0x00007ffba0eb0000 - 0x00007ffba0f2f000 	C:\WINDOWS\System32\bcryptPrimitives.dll
0x00007ffb88710000 - 0x00007ffb88735000 	C:\Users\vipvi\AppData\Local\JetBrains\Toolbox\apps\WebStorm\ch-0\231.8109.174\jbr\bin\java.dll

dbghelp: loaded successfully - version: 4.0.5 - missing functions: none
symbol engine: initialized successfully - sym options: 0x614 - pdb path: .;C:\Users\vipvi\AppData\Local\JetBrains\Toolbox\apps\WebStorm\ch-0\231.8109.174\jbr\bin;C:\WINDOWS\SYSTEM32;C:\WINDOWS\WinSxS\amd64_microsoft.windows.common-controls_6595b64144ccf1df_6.0.22000.120_none_9d947278b86cc467;C:\Users\vipvi\AppData\Local\JetBrains\Toolbox\apps\WebStorm\ch-0\231.8109.174\jbr\bin\server

VM Arguments:
java_command: externalApp.nativessh.NativeSshAskPassApp Enter passphrase for key '/c/Users/vipvi/.ssh/id_ed25519': 
java_class_path (initial): C:/Users/vipvi/AppData/Local/JetBrains/Toolbox/apps/WebStorm/ch-0/231.8109.174/lib/externalProcess-rt.jar
Launcher Type: SUN_STANDARD

[Global flags]
     intx CICompilerCount                          = 4                                         {product} {ergonomic}
     uint ConcGCThreads                            = 3                                         {product} {ergonomic}
     uint G1ConcRefinementThreads                  = 10                                        {product} {ergonomic}
   size_t G1HeapRegionSize                         = 4194304                                   {product} {ergonomic}
    uintx GCDrainStackTargetSize                   = 64                                        {product} {ergonomic}
   size_t InitialHeapSize                          = 536870912                                 {product} {ergonomic}
   size_t MarkStackSize                            = 4194304                                   {product} {ergonomic}
   size_t MaxHeapSize                              = 8573157376                                {product} {ergonomic}
   size_t MinHeapDeltaBytes                        = 4194304                                   {product} {ergonomic}
   size_t MinHeapSize                              = 8388608                                   {product} {ergonomic}
    uintx NonNMethodCodeHeapSize                   = 5839372                                {pd product} {ergonomic}
    uintx NonProfiledCodeHeapSize                  = 122909434                              {pd product} {ergonomic}
    uintx ProfiledCodeHeapSize                     = 122909434                              {pd product} {ergonomic}
    uintx ReservedCodeCacheSize                    = 251658240                              {pd product} {ergonomic}
     bool SegmentedCodeCache                       = true                                      {product} {ergonomic}
   size_t SoftMaxHeapSize                          = 8573157376                             {manageable} {ergonomic}
     bool UseCompressedClassPointers               = true                           {product lp64_product} {ergonomic}
     bool UseCompressedOops                        = true                           {product lp64_product} {ergonomic}
     bool UseG1GC                                  = true                                      {product} {ergonomic}
     bool UseLargePagesIndividualAllocation        = false                                  {pd product} {ergonomic}

Logging:
Log output configuration:
 #0: stdout all=warning uptime,level,tags
 #1: stderr all=off uptime,level,tags

Environment Variables:
PATH=C:\Program Files\Git\mingw64\libexec\git-core;C:\Program Files\Git\mingw64\bin;C:\Program Files\Git\usr\bin;C:\Users\vipvi\bin;C:\Python310\Scripts;C:\Python310;C:\WINDOWS\system32;C:\WINDOWS;C:\WINDOWS\System32\Wbem;C:\WINDOWS\System32\WindowsPowerShell\v1.0;C:\WINDOWS\System32\OpenSSH;C:\Program Files\nodejs;C:\ProgramData\chocolatey\bin;C:\Program Files\Git\cmd;C:\Program Files\NVIDIA Corporation\NVIDIA NvDLISR;C:\Program Files (x86)\NVIDIA Corporation\PhysX\Common;C:\Program Files (x86)\dotnet;C:\Users\vipvi\scoop\shims;C:\Users\vipvi\AppData\Local\Microsoft\WindowsApps;C:\Users\vipvi\AppData\Roaming\npm;C:\Program Files\JetBrains\WebStorm 2022.2.3\bin;C:\Users\vipvi\AppData\Local\Programs\Microsoft VS Code\bin;C:\Users\vipvi\AppData\Local\JetBrains\Toolbox\scripts
USERNAME=vipvi
DISPLAY=:0.0
LC_ALL=en_US.UTF-8
TERM=xterm-256color
TMPDIR=C:\Users\vipvi\AppData\Local\Temp
OS=Windows_NT
PROCESSOR_IDENTIFIER=AMD64 Family 23 Model 113 Stepping 0, AuthenticAMD
TMP=C:\Users\vipvi\AppData\Local\Temp
TEMP=C:\Users\vipvi\AppData\Local\Temp



---------------  S Y S T E M  ---------------

OS:
 Windows 11 , 64 bit Build 22000 (10.0.22000.1516)
OS uptime: 10 days 2:02 hours

CPU: total 12 (initial active 12) (12 cores per cpu, 2 threads per core) family 23 model 113 stepping 0 microcode 0x0, cx8, cmov, fxsr, ht, mmx, 3dnowpref, sse, sse2, sse3, ssse3, sse4a, sse4.1, sse4.2, popcnt, lzcnt, tsc, tscinvbit, avx, avx2, aes, clmul, bmi1, bmi2, adx, sha, fma, vzeroupper, clflush, clflushopt

Memory: 4k page, system-wide physical 32693M (11817M free)
TotalPageFile size 130997M (AvailPageFile size 210M)
current process WorkingSet (physical memory assigned to process): 11M, peak: 11M
current process commit charge ("private bytes"): 64M, peak: 576M

vm_info: OpenJDK 64-Bit Server VM (17.0.6+10-b829.5) for windows-amd64 JRE (17.0.6+10-b829.5), built on 2023-02-24 by "builduser" with MS VC++ 16.10 / 16.11 (VS2019)

END.
